Flutter crash report.
Please report a bug at https://github.com/flutter/flutter/issues.

## command

flutter run --machine --start-paused -d 62d868f9 --dart-define=flutter.inspector.structuredErrors=true --web-allow-expose-url --devtools-server-address http://127.0.0.1:9102/ --target lib\main.dart

## exception

RPCError: getIsolate: (112) Service has disappeared

```
```

## flutter doctor

```
[✓] Flutter (Channel stable, 2.0.6, on Microsoft Windows [Version 10.0.19042.1237], locale en-IN)
    • Flutter version 2.0.6 at C:\src\flutter
    • Framework revision 1d9032c7e1 (5 months ago), 2021-04-29 17:37:58 -0700
    • Engine revision 05e680e202
    • Dart version 2.12.3

[✓] Android toolchain - develop for Android devices (Android SDK version 29.0.3)
    • Android SDK at C:\Users\Abhishek\AppData\Local\Android\Sdk
    • Platform android-30, build-tools 29.0.3
    • ANDROID_HOME = ANDROID_HOME=C:\Users\Abhishek\AppData\Local\Android\sdk
    • Java binary at: C:\Program Files\Android\Android Studio\jre\bin\java
    • Java version OpenJDK Runtime Environment (build 1.8.0_242-release-1644-b01)
    • All Android licenses accepted.

[✓] Chrome - develop for the web
    • Chrome at C:\Program Files\Google\Chrome\Application\chrome.exe

[!] Visual Studio - develop for Windows (Visual Studio Community 2019 16.8.3)
    • Visual Studio at C:\Program Files (x86)\Microsoft Visual Studio\2019\Community
    • Visual Studio Community 2019 version 16.8.30804.86
    • Windows 10 SDK version 10.0.18362.0
    ✗ Visual Studio is missing necessary components. Please re-run the Visual Studio installer for the "Desktop development with C++" workload, and include these components:
        MSVC v142 - VS 2019 C++ x64/x86 build tools
         - If there are multiple build tool versions available, install the latest
        C++ CMake tools for Windows
        Windows 10 SDK

[✓] Android Studio (version 4.0)
    • Android Studio at C:\Program Files\Android\Android Studio
    • Flutter plugin version 49.0.2
    • Dart plugin version 193.7547
    • Java version OpenJDK Runtime Environment (build 1.8.0_242-release-1644-b01)

[✓] IntelliJ IDEA Community Edition (version 2020.2)
    • IntelliJ at C:\Program Files\JetBrains\IntelliJ IDEA Community Edition 2020.2
    • Flutter plugin can be installed from:
      🔨 https://plugins.jetbrains.com/plugin/9212-flutter
    • Dart plugin can be installed from:
      🔨 https://plugins.jetbrains.com/plugin/6351-dart

[✓] VS Code (version 1.60.2)
    • VS Code at C:\Users\Abhishek\AppData\Local\Programs\Microsoft VS Code
    • Flutter extension version 3.26.0

[✓] Connected device (4 available)
    • RMX1801 (mobile)  • 62d868f9 • android-arm64  • Android 10 (API 29)
    • Windows (desktop) • windows  • windows-x64    • Microsoft Windows [Version 10.0.19042.1237]
    • Chrome (web)      • chrome   • web-javascript • Google Chrome 86.0.4240.111
    • Edge (web)        • edge     • web-javascript • Microsoft Edge 94.0.992.31

! Doctor found issues in 1 category.
```
